<?xml version="1.0" encoding="UTF-8"?>
<!-- Generated by org.testng.reporters.JUnitXMLReporter -->
<testsuite ignored="0" hostname="DESKTOP-NC4QM1S" failures="0" tests="5" name="Default test" time="1.011" errors="0" timestamp="2021-11-15T20:22:12 EET">
  <testcase classname="tests.TestPurchaseProduct" name="UserCanLoginSuccssfully" time="0.308"/>
  <testcase classname="tests.TestPurchaseProduct" name="UserCanAddProductsTOCart" time="0.196"/>
  <testcase classname="tests.TestPurchaseProduct" name="UserCheckoutProduct" time="0.073"/>
  <testcase classname="tests.TestPurchaseProduct" name="userFillCheckoutInfo" time="0.31"/>
  <testcase classname="tests.TestPurchaseProduct" name="userFinsihCheckoutProcess" time="0.078"/>
</testsuite> <!-- Default test -->
