<?xml version="1.0" encoding="UTF-8"?>
<!-- Generated by org.testng.reporters.JUnitXMLReporter -->
<testsuite ignored="0" hostname="DESKTOP-NC4QM1S" failures="0" tests="5" name="Test" time="1.117" errors="0" timestamp="2021-11-15T20:20:56 EET">
  <testcase classname="tests.TestPurchaseProduct" name="UserCanLoginSuccssfully" time="0.376"/>
  <testcase classname="tests.TestPurchaseProduct" name="UserCanAddProductsTOCart" time="0.171"/>
  <testcase classname="tests.TestPurchaseProduct" name="UserCheckoutProduct" time="0.078"/>
  <testcase classname="tests.TestPurchaseProduct" name="userFillCheckoutInfo" time="0.349"/>
  <testcase classname="tests.TestPurchaseProduct" name="userFinsihCheckoutProcess" time="0.089"/>
</testsuite> <!-- Test -->
